{"/Users/pogus-mac/Documents/Project-VScode/revised-final-poject/se-project-be-68-2-putter-luv-mom/src/routes/preorder.ts": {"path":"/Users/pogus-mac/Documents/Project-VScode/revised-final-poject/se-project-be-68-2-putter-luv-mom/src/routes/preorder.ts","statementMap":{"0":{"start":{"line":1,"column":0},"end":{"line":1,"column":51}},"1":{"start":{"line":2,"column":0},"end":{"line":2,"column":41}},"2":{"start":{"line":3,"column":0},"end":{"line":3,"column":47}},"3":{"start":{"line":4,"column":0},"end":{"line":4,"column":68}},"4":{"start":{"line":6,"column":15},"end":{"line":6,"column":23}},"5":{"start":{"line":9,"column":0},"end":{"line":16,"column":null}},"6":{"start":{"line":10,"column":2},"end":{"line":15,"column":3}},"7":{"start":{"line":11,"column":22},"end":{"line":11,"column":69}},"8":{"start":{"line":12,"column":4},"end":{"line":12,"column":null}},"9":{"start":{"line":14,"column":4},"end":{"line":14,"column":null}},"10":{"start":{"line":19,"column":0},"end":{"line":28,"column":null}},"11":{"start":{"line":20,"column":2},"end":{"line":27,"column":3}},"12":{"start":{"line":21,"column":19},"end":{"line":21,"column":31}},"13":{"start":{"line":22,"column":4},"end":{"line":22,"column":97}},"14":{"start":{"line":22,"column":19},"end":{"line":22,"column":88}},"15":{"start":{"line":22,"column":89},"end":{"line":22,"column":95}},"16":{"start":{"line":23,"column":22},"end":{"line":23,"column":77}},"17":{"start":{"line":24,"column":4},"end":{"line":24,"column":null}},"18":{"start":{"line":26,"column":4},"end":{"line":26,"column":null}},"19":{"start":{"line":31,"column":0},"end":{"line":66,"column":null}},"20":{"start":{"line":32,"column":2},"end":{"line":65,"column":3}},"21":{"start":{"line":33,"column":19},"end":{"line":33,"column":31}},"22":{"start":{"line":34,"column":4},"end":{"line":44,"column":5}},"23":{"start":{"line":35,"column":26},"end":{"line":39,"column":8}},"24":{"start":{"line":40,"column":6},"end":{"line":43,"column":7}},"25":{"start":{"line":41,"column":8},"end":{"line":41,"column":null}},"26":{"start":{"line":42,"column":8},"end":{"line":42,"column":14}},"27":{"start":{"line":46,"column":46},"end":{"line":46,"column":54}},"28":{"start":{"line":47,"column":19},"end":{"line":47,"column":82}},"29":{"start":{"line":49,"column":4},"end":{"line":51,"column":5}},"30":{"start":{"line":50,"column":6},"end":{"line":50,"column":null}},"31":{"start":{"line":53,"column":21},"end":{"line":53,"column":66}},"32":{"start":{"line":53,"column":46},"end":{"line":53,"column":65}},"33":{"start":{"line":54,"column":4},"end":{"line":58,"column":5}},"34":{"start":{"line":55,"column":6},"end":{"line":55,"column":null}},"35":{"start":{"line":57,"column":6},"end":{"line":57,"column":null}},"36":{"start":{"line":60,"column":4},"end":{"line":60,"column":null}},"37":{"start":{"line":61,"column":4},"end":{"line":61,"column":null}},"38":{"start":{"line":63,"column":16},"end":{"line":63,"column":71}},"39":{"start":{"line":64,"column":4},"end":{"line":64,"column":null}},"40":{"start":{"line":69,"column":0},"end":{"line":81,"column":null}},"41":{"start":{"line":70,"column":2},"end":{"line":80,"column":3}},"42":{"start":{"line":71,"column":19},"end":{"line":71,"column":31}},"43":{"start":{"line":72,"column":21},"end":{"line":72,"column":84}},"44":{"start":{"line":73,"column":4},"end":{"line":76,"column":5}},"45":{"start":{"line":74,"column":6},"end":{"line":74,"column":null}},"46":{"start":{"line":75,"column":6},"end":{"line":75,"column":12}},"47":{"start":{"line":77,"column":4},"end":{"line":77,"column":null}},"48":{"start":{"line":79,"column":4},"end":{"line":79,"column":null}},"49":{"start":{"line":84,"column":0},"end":{"line":102,"column":null}},"50":{"start":{"line":85,"column":2},"end":{"line":101,"column":3}},"51":{"start":{"line":86,"column":19},"end":{"line":86,"column":31}},"52":{"start":{"line":87,"column":21},"end":{"line":87,"column":84}},"53":{"start":{"line":88,"column":4},"end":{"line":88,"column":101}},"54":{"start":{"line":88,"column":21},"end":{"line":88,"column":92}},"55":{"start":{"line":88,"column":93},"end":{"line":88,"column":99}},"56":{"start":{"line":90,"column":19},"end":{"line":90,"column":40}},"57":{"start":{"line":91,"column":4},"end":{"line":91,"column":null}},"58":{"start":{"line":91,"column":48},"end":{"line":91,"column":78}},"59":{"start":{"line":92,"column":4},"end":{"line":95,"column":5}},"60":{"start":{"line":93,"column":6},"end":{"line":93,"column":null}},"61":{"start":{"line":94,"column":6},"end":{"line":94,"column":12}},"62":{"start":{"line":97,"column":4},"end":{"line":97,"column":null}},"63":{"start":{"line":98,"column":4},"end":{"line":98,"column":null}},"64":{"start":{"line":100,"column":4},"end":{"line":100,"column":null}},"65":{"start":{"line":105,"column":0},"end":{"line":127,"column":null}},"66":{"start":{"line":106,"column":2},"end":{"line":126,"column":3}},"67":{"start":{"line":107,"column":25},"end":{"line":107,"column":33}},"68":{"start":{"line":108,"column":4},"end":{"line":111,"column":5}},"69":{"start":{"line":109,"column":6},"end":{"line":109,"column":null}},"70":{"start":{"line":110,"column":6},"end":{"line":110,"column":12}},"71":{"start":{"line":113,"column":19},"end":{"line":113,"column":31}},"72":{"start":{"line":114,"column":21},"end":{"line":114,"column":84}},"73":{"start":{"line":115,"column":4},"end":{"line":115,"column":101}},"74":{"start":{"line":115,"column":21},"end":{"line":115,"column":92}},"75":{"start":{"line":115,"column":93},"end":{"line":115,"column":99}},"76":{"start":{"line":117,"column":17},"end":{"line":117,"column":73}},"77":{"start":{"line":117,"column":42},"end":{"line":117,"column":72}},"78":{"start":{"line":118,"column":4},"end":{"line":118,"column":105}},"79":{"start":{"line":118,"column":17},"end":{"line":118,"column":96}},"80":{"start":{"line":118,"column":97},"end":{"line":118,"column":103}},"81":{"start":{"line":120,"column":4},"end":{"line":120,"column":null}},"82":{"start":{"line":121,"column":4},"end":{"line":121,"column":null}},"83":{"start":{"line":122,"column":4},"end":{"line":122,"column":null}},"84":{"start":{"line":124,"column":16},"end":{"line":124,"column":71}},"85":{"start":{"line":125,"column":4},"end":{"line":125,"column":null}},"86":{"start":{"line":130,"column":0},"end":{"line":163,"column":null}},"87":{"start":{"line":131,"column":2},"end":{"line":162,"column":3}},"88":{"start":{"line":132,"column":19},"end":{"line":132,"column":31}},"89":{"start":{"line":133,"column":4},"end":{"line":143,"column":5}},"90":{"start":{"line":134,"column":26},"end":{"line":138,"column":8}},"91":{"start":{"line":139,"column":6},"end":{"line":142,"column":7}},"92":{"start":{"line":140,"column":8},"end":{"line":140,"column":null}},"93":{"start":{"line":141,"column":8},"end":{"line":141,"column":14}},"94":{"start":{"line":145,"column":22},"end":{"line":145,"column":30}},"95":{"start":{"line":146,"column":4},"end":{"line":149,"column":5}},"96":{"start":{"line":147,"column":6},"end":{"line":147,"column":null}},"97":{"start":{"line":148,"column":6},"end":{"line":148,"column":12}},"98":{"start":{"line":151,"column":21},"end":{"line":154,"column":null}},"99":{"start":{"line":157,"column":4},"end":{"line":157,"column":null}},"100":{"start":{"line":158,"column":4},"end":{"line":158,"column":null}},"101":{"start":{"line":160,"column":16},"end":{"line":160,"column":71}},"102":{"start":{"line":161,"column":4},"end":{"line":161,"column":null}},"103":{"start":{"line":166,"column":0},"end":{"line":188,"column":null}},"104":{"start":{"line":167,"column":2},"end":{"line":187,"column":3}},"105":{"start":{"line":168,"column":25},"end":{"line":168,"column":33}},"106":{"start":{"line":169,"column":4},"end":{"line":172,"column":5}},"107":{"start":{"line":170,"column":6},"end":{"line":170,"column":null}},"108":{"start":{"line":171,"column":6},"end":{"line":171,"column":12}},"109":{"start":{"line":174,"column":19},"end":{"line":174,"column":31}},"110":{"start":{"line":175,"column":21},"end":{"line":175,"column":84}},"111":{"start":{"line":176,"column":4},"end":{"line":176,"column":101}},"112":{"start":{"line":176,"column":21},"end":{"line":176,"column":92}},"113":{"start":{"line":176,"column":93},"end":{"line":176,"column":99}},"114":{"start":{"line":178,"column":17},"end":{"line":178,"column":73}},"115":{"start":{"line":178,"column":42},"end":{"line":178,"column":72}},"116":{"start":{"line":179,"column":4},"end":{"line":179,"column":105}},"117":{"start":{"line":179,"column":17},"end":{"line":179,"column":96}},"118":{"start":{"line":179,"column":97},"end":{"line":179,"column":103}},"119":{"start":{"line":181,"column":4},"end":{"line":181,"column":null}},"120":{"start":{"line":182,"column":4},"end":{"line":182,"column":null}},"121":{"start":{"line":183,"column":4},"end":{"line":183,"column":null}},"122":{"start":{"line":185,"column":16},"end":{"line":185,"column":71}},"123":{"start":{"line":186,"column":4},"end":{"line":186,"column":null}},"124":{"start":{"line":190,"column":0},"end":{"line":190,"column":null}}},"fnMap":{"0":{"name":"(anonymous_1)","decl":{"start":{"line":9,"column":36},"end":{"line":9,"column":41}},"loc":{"start":{"line":9,"column":90},"end":{"line":16,"column":1}}},"1":{"name":"(anonymous_2)","decl":{"start":{"line":19,"column":29},"end":{"line":19,"column":34}},"loc":{"start":{"line":19,"column":86},"end":{"line":28,"column":1}}},"2":{"name":"(anonymous_3)","decl":{"start":{"line":31,"column":40},"end":{"line":31,"column":45}},"loc":{"start":{"line":31,"column":97},"end":{"line":66,"column":1}}},"3":{"name":"(anonymous_4)","decl":{"start":{"line":53,"column":41},"end":{"line":53,"column":42}},"loc":{"start":{"line":53,"column":46},"end":{"line":53,"column":65}}},"4":{"name":"(anonymous_5)","decl":{"start":{"line":69,"column":33},"end":{"line":69,"column":38}},"loc":{"start":{"line":69,"column":90},"end":{"line":81,"column":1}}},"5":{"name":"(anonymous_6)","decl":{"start":{"line":84,"column":50},"end":{"line":84,"column":55}},"loc":{"start":{"line":84,"column":107},"end":{"line":102,"column":1}}},"6":{"name":"(anonymous_7)","decl":{"start":{"line":91,"column":43},"end":{"line":91,"column":44}},"loc":{"start":{"line":91,"column":48},"end":{"line":91,"column":78}}},"7":{"name":"(anonymous_8)","decl":{"start":{"line":105,"column":47},"end":{"line":105,"column":52}},"loc":{"start":{"line":105,"column":104},"end":{"line":127,"column":1}}},"8":{"name":"(anonymous_9)","decl":{"start":{"line":117,"column":37},"end":{"line":117,"column":38}},"loc":{"start":{"line":117,"column":42},"end":{"line":117,"column":72}}},"9":{"name":"(anonymous_10)","decl":{"start":{"line":130,"column":35},"end":{"line":130,"column":40}},"loc":{"start":{"line":130,"column":92},"end":{"line":163,"column":1}}},"10":{"name":"(anonymous_11)","decl":{"start":{"line":166,"column":58},"end":{"line":166,"column":63}},"loc":{"start":{"line":166,"column":115},"end":{"line":188,"column":1}}},"11":{"name":"(anonymous_12)","decl":{"start":{"line":178,"column":37},"end":{"line":178,"column":38}},"loc":{"start":{"line":178,"column":42},"end":{"line":178,"column":72}}}},"branchMap":{"0":{"loc":{"start":{"line":22,"column":4},"end":{"line":22,"column":97}},"type":"if","locations":[{"start":{"line":22,"column":4},"end":{"line":22,"column":97}},{"start":{},"end":{}}]},"1":{"loc":{"start":{"line":34,"column":4},"end":{"line":44,"column":5}},"type":"if","locations":[{"start":{"line":34,"column":4},"end":{"line":44,"column":5}},{"start":{},"end":{}}]},"2":{"loc":{"start":{"line":40,"column":6},"end":{"line":43,"column":7}},"type":"if","locations":[{"start":{"line":40,"column":6},"end":{"line":43,"column":7}},{"start":{},"end":{}}]},"3":{"loc":{"start":{"line":49,"column":4},"end":{"line":51,"column":5}},"type":"if","locations":[{"start":{"line":49,"column":4},"end":{"line":51,"column":5}},{"start":{},"end":{}}]},"4":{"loc":{"start":{"line":54,"column":4},"end":{"line":58,"column":5}},"type":"if","locations":[{"start":{"line":54,"column":4},"end":{"line":58,"column":5}},{"start":{"line":56,"column":11},"end":{"line":58,"column":5}}]},"5":{"loc":{"start":{"line":55,"column":27},"end":{"line":55,"column":40}},"type":"binary-expr","locations":[{"start":{"line":55,"column":27},"end":{"line":55,"column":35}},{"start":{"line":55,"column":39},"end":{"line":55,"column":40}}]},"6":{"loc":{"start":{"line":57,"column":59},"end":{"line":57,"column":72}},"type":"binary-expr","locations":[{"start":{"line":57,"column":59},"end":{"line":57,"column":67}},{"start":{"line":57,"column":71},"end":{"line":57,"column":72}}]},"7":{"loc":{"start":{"line":63,"column":16},"end":{"line":63,"column":71}},"type":"cond-expr","locations":[{"start":{"line":63,"column":41},"end":{"line":63,"column":54}},{"start":{"line":63,"column":57},"end":{"line":63,"column":71}}]},"8":{"loc":{"start":{"line":73,"column":4},"end":{"line":76,"column":5}},"type":"if","locations":[{"start":{"line":73,"column":4},"end":{"line":76,"column":5}},{"start":{},"end":{}}]},"9":{"loc":{"start":{"line":88,"column":4},"end":{"line":88,"column":101}},"type":"if","locations":[{"start":{"line":88,"column":4},"end":{"line":88,"column":101}},{"start":{},"end":{}}]},"10":{"loc":{"start":{"line":92,"column":4},"end":{"line":95,"column":5}},"type":"if","locations":[{"start":{"line":92,"column":4},"end":{"line":95,"column":5}},{"start":{},"end":{}}]},"11":{"loc":{"start":{"line":108,"column":4},"end":{"line":111,"column":5}},"type":"if","locations":[{"start":{"line":108,"column":4},"end":{"line":111,"column":5}},{"start":{},"end":{}}]},"12":{"loc":{"start":{"line":108,"column":8},"end":{"line":108,"column":52}},"type":"binary-expr","locations":[{"start":{"line":108,"column":8},"end":{"line":108,"column":36}},{"start":{"line":108,"column":40},"end":{"line":108,"column":52}}]},"13":{"loc":{"start":{"line":115,"column":4},"end":{"line":115,"column":101}},"type":"if","locations":[{"start":{"line":115,"column":4},"end":{"line":115,"column":101}},{"start":{},"end":{}}]},"14":{"loc":{"start":{"line":118,"column":4},"end":{"line":118,"column":105}},"type":"if","locations":[{"start":{"line":118,"column":4},"end":{"line":118,"column":105}},{"start":{},"end":{}}]},"15":{"loc":{"start":{"line":124,"column":16},"end":{"line":124,"column":71}},"type":"cond-expr","locations":[{"start":{"line":124,"column":41},"end":{"line":124,"column":54}},{"start":{"line":124,"column":57},"end":{"line":124,"column":71}}]},"16":{"loc":{"start":{"line":133,"column":4},"end":{"line":143,"column":5}},"type":"if","locations":[{"start":{"line":133,"column":4},"end":{"line":143,"column":5}},{"start":{},"end":{}}]},"17":{"loc":{"start":{"line":139,"column":6},"end":{"line":142,"column":7}},"type":"if","locations":[{"start":{"line":139,"column":6},"end":{"line":142,"column":7}},{"start":{},"end":{}}]},"18":{"loc":{"start":{"line":146,"column":4},"end":{"line":149,"column":5}},"type":"if","locations":[{"start":{"line":146,"column":4},"end":{"line":149,"column":5}},{"start":{},"end":{}}]},"19":{"loc":{"start":{"line":160,"column":16},"end":{"line":160,"column":71}},"type":"cond-expr","locations":[{"start":{"line":160,"column":41},"end":{"line":160,"column":54}},{"start":{"line":160,"column":57},"end":{"line":160,"column":71}}]},"20":{"loc":{"start":{"line":169,"column":4},"end":{"line":172,"column":5}},"type":"if","locations":[{"start":{"line":169,"column":4},"end":{"line":172,"column":5}},{"start":{},"end":{}}]},"21":{"loc":{"start":{"line":169,"column":8},"end":{"line":169,"column":52}},"type":"binary-expr","locations":[{"start":{"line":169,"column":8},"end":{"line":169,"column":36}},{"start":{"line":169,"column":40},"end":{"line":169,"column":52}}]},"22":{"loc":{"start":{"line":176,"column":4},"end":{"line":176,"column":101}},"type":"if","locations":[{"start":{"line":176,"column":4},"end":{"line":176,"column":101}},{"start":{},"end":{}}]},"23":{"loc":{"start":{"line":179,"column":4},"end":{"line":179,"column":105}},"type":"if","locations":[{"start":{"line":179,"column":4},"end":{"line":179,"column":105}},{"start":{},"end":{}}]},"24":{"loc":{"start":{"line":185,"column":16},"end":{"line":185,"column":71}},"type":"cond-expr","locations":[{"start":{"line":185,"column":41},"end":{"line":185,"column":54}},{"start":{"line":185,"column":57},"end":{"line":185,"column":71}}]}},"s":{"0":1,"1":1,"2":1,"3":1,"4":1,"5":1,"6":2,"7":2,"8":1,"9":1,"10":1,"11":3,"12":3,"13":3,"14":1,"15":1,"16":2,"17":1,"18":1,"19":1,"20":7,"21":7,"22":7,"23":7,"24":5,"25":1,"26":1,"27":4,"28":4,"29":4,"30":1,"31":4,"32":2,"33":4,"34":2,"35":2,"36":4,"37":4,"38":2,"39":2,"40":1,"41":3,"42":3,"43":3,"44":2,"45":1,"46":1,"47":1,"48":1,"49":1,"50":4,"51":4,"52":4,"53":3,"54":1,"55":1,"56":2,"57":2,"58":3,"59":2,"60":1,"61":1,"62":1,"63":1,"64":1,"65":1,"66":7,"67":7,"68":7,"69":2,"70":2,"71":5,"72":5,"73":3,"74":1,"75":1,"76":2,"77":2,"78":2,"79":1,"80":1,"81":1,"82":1,"83":1,"84":2,"85":2,"86":1,"87":5,"88":5,"89":5,"90":5,"91":3,"92":1,"93":1,"94":2,"95":2,"96":1,"97":1,"98":1,"99":1,"100":1,"101":2,"102":2,"103":1,"104":6,"105":6,"106":6,"107":1,"108":1,"109":5,"110":5,"111":3,"112":1,"113":1,"114":2,"115":1,"116":2,"117":1,"118":1,"119":1,"120":1,"121":1,"122":2,"123":2,"124":1},"f":{"0":2,"1":3,"2":7,"3":2,"4":3,"5":4,"6":3,"7":7,"8":2,"9":5,"10":6,"11":1},"b":{"0":[1,2],"1":[7,0],"2":[1,4],"3":[1,3],"4":[2,2],"5":[2,1],"6":[2,1],"7":[1,1],"8":[1,1],"9":[1,2],"10":[1,1],"11":[2,5],"12":[7,6],"13":[1,2],"14":[1,1],"15":[1,1],"16":[5,0],"17":[1,2],"18":[1,1],"19":[1,1],"20":[1,5],"21":[6,6],"22":[1,2],"23":[1,1],"24":[1,1]}}
,"/Users/pogus-mac/Documents/Project-VScode/revised-final-poject/se-project-be-68-2-putter-luv-mom/src/routes/reservation.ts": {"path":"/Users/pogus-mac/Documents/Project-VScode/revised-final-poject/se-project-be-68-2-putter-luv-mom/src/routes/reservation.ts","statementMap":{"0":{"start":{"line":1,"column":0},"end":{"line":1,"column":51}},"1":{"start":{"line":2,"column":0},"end":{"line":2,"column":47}},"2":{"start":{"line":3,"column":0},"end":{"line":3,"column":57}},"3":{"start":{"line":5,"column":15},"end":{"line":5,"column":23}},"4":{"start":{"line":8,"column":0},"end":{"line":18,"column":null}},"5":{"start":{"line":9,"column":2},"end":{"line":17,"column":3}},"6":{"start":{"line":11,"column":6},"end":{"line":11,"column":64}},"7":{"start":{"line":13,"column":25},"end":{"line":13,"column":73}},"8":{"start":{"line":14,"column":4},"end":{"line":14,"column":null}},"9":{"start":{"line":16,"column":4},"end":{"line":16,"column":null}},"10":{"start":{"line":21,"column":0},"end":{"line":35,"column":null}},"11":{"start":{"line":22,"column":2},"end":{"line":34,"column":3}},"12":{"start":{"line":23,"column":24},"end":{"line":23,"column":65}},"13":{"start":{"line":24,"column":4},"end":{"line":24,"column":106}},"14":{"start":{"line":24,"column":24},"end":{"line":24,"column":97}},"15":{"start":{"line":24,"column":98},"end":{"line":24,"column":104}},"16":{"start":{"line":26,"column":4},"end":{"line":29,"column":5}},"17":{"start":{"line":27,"column":6},"end":{"line":27,"column":null}},"18":{"start":{"line":28,"column":6},"end":{"line":28,"column":12}},"19":{"start":{"line":31,"column":4},"end":{"line":31,"column":null}},"20":{"start":{"line":33,"column":4},"end":{"line":33,"column":null}},"21":{"start":{"line":38,"column":0},"end":{"line":46,"column":null}},"22":{"start":{"line":39,"column":2},"end":{"line":45,"column":3}},"23":{"start":{"line":40,"column":24},"end":{"line":40,"column":87}},"24":{"start":{"line":41,"column":4},"end":{"line":41,"column":null}},"25":{"start":{"line":43,"column":16},"end":{"line":43,"column":71}},"26":{"start":{"line":44,"column":4},"end":{"line":44,"column":null}},"27":{"start":{"line":49,"column":0},"end":{"line":65,"column":null}},"28":{"start":{"line":50,"column":2},"end":{"line":64,"column":3}},"29":{"start":{"line":51,"column":24},"end":{"line":51,"column":65}},"30":{"start":{"line":52,"column":4},"end":{"line":52,"column":106}},"31":{"start":{"line":52,"column":24},"end":{"line":52,"column":97}},"32":{"start":{"line":52,"column":98},"end":{"line":52,"column":104}},"33":{"start":{"line":54,"column":4},"end":{"line":57,"column":5}},"34":{"start":{"line":55,"column":6},"end":{"line":55,"column":null}},"35":{"start":{"line":56,"column":6},"end":{"line":56,"column":12}},"36":{"start":{"line":59,"column":20},"end":{"line":59,"column":116}},"37":{"start":{"line":60,"column":4},"end":{"line":60,"column":null}},"38":{"start":{"line":62,"column":16},"end":{"line":62,"column":71}},"39":{"start":{"line":63,"column":4},"end":{"line":63,"column":null}},"40":{"start":{"line":68,"column":0},"end":{"line":83,"column":null}},"41":{"start":{"line":69,"column":2},"end":{"line":82,"column":3}},"42":{"start":{"line":70,"column":24},"end":{"line":70,"column":65}},"43":{"start":{"line":71,"column":4},"end":{"line":71,"column":106}},"44":{"start":{"line":71,"column":24},"end":{"line":71,"column":97}},"45":{"start":{"line":71,"column":98},"end":{"line":71,"column":104}},"46":{"start":{"line":73,"column":4},"end":{"line":76,"column":5}},"47":{"start":{"line":74,"column":6},"end":{"line":74,"column":null}},"48":{"start":{"line":75,"column":6},"end":{"line":75,"column":12}},"49":{"start":{"line":78,"column":4},"end":{"line":78,"column":null}},"50":{"start":{"line":79,"column":4},"end":{"line":79,"column":null}},"51":{"start":{"line":81,"column":4},"end":{"line":81,"column":null}},"52":{"start":{"line":85,"column":0},"end":{"line":85,"column":null}}},"fnMap":{"0":{"name":"(anonymous_1)","decl":{"start":{"line":8,"column":25},"end":{"line":8,"column":30}},"loc":{"start":{"line":8,"column":82},"end":{"line":18,"column":1}}},"1":{"name":"(anonymous_2)","decl":{"start":{"line":21,"column":28},"end":{"line":21,"column":33}},"loc":{"start":{"line":21,"column":85},"end":{"line":35,"column":1}}},"2":{"name":"(anonymous_3)","decl":{"start":{"line":38,"column":26},"end":{"line":38,"column":31}},"loc":{"start":{"line":38,"column":83},"end":{"line":46,"column":1}}},"3":{"name":"(anonymous_4)","decl":{"start":{"line":49,"column":28},"end":{"line":49,"column":33}},"loc":{"start":{"line":49,"column":85},"end":{"line":65,"column":1}}},"4":{"name":"(anonymous_5)","decl":{"start":{"line":68,"column":31},"end":{"line":68,"column":36}},"loc":{"start":{"line":68,"column":88},"end":{"line":83,"column":1}}}},"branchMap":{"0":{"loc":{"start":{"line":11,"column":6},"end":{"line":11,"column":64}},"type":"cond-expr","locations":[{"start":{"line":11,"column":35},"end":{"line":11,"column":37}},{"start":{"line":11,"column":40},"end":{"line":11,"column":64}}]},"1":{"loc":{"start":{"line":24,"column":4},"end":{"line":24,"column":106}},"type":"if","locations":[{"start":{"line":24,"column":4},"end":{"line":24,"column":106}},{"start":{},"end":{}}]},"2":{"loc":{"start":{"line":26,"column":4},"end":{"line":29,"column":5}},"type":"if","locations":[{"start":{"line":26,"column":4},"end":{"line":29,"column":5}},{"start":{},"end":{}}]},"3":{"loc":{"start":{"line":26,"column":8},"end":{"line":26,"column":73}},"type":"binary-expr","locations":[{"start":{"line":26,"column":8},"end":{"line":26,"column":34}},{"start":{"line":26,"column":38},"end":{"line":26,"column":73}}]},"4":{"loc":{"start":{"line":43,"column":16},"end":{"line":43,"column":71}},"type":"cond-expr","locations":[{"start":{"line":43,"column":41},"end":{"line":43,"column":54}},{"start":{"line":43,"column":57},"end":{"line":43,"column":71}}]},"5":{"loc":{"start":{"line":52,"column":4},"end":{"line":52,"column":106}},"type":"if","locations":[{"start":{"line":52,"column":4},"end":{"line":52,"column":106}},{"start":{},"end":{}}]},"6":{"loc":{"start":{"line":54,"column":4},"end":{"line":57,"column":5}},"type":"if","locations":[{"start":{"line":54,"column":4},"end":{"line":57,"column":5}},{"start":{},"end":{}}]},"7":{"loc":{"start":{"line":54,"column":8},"end":{"line":54,"column":73}},"type":"binary-expr","locations":[{"start":{"line":54,"column":8},"end":{"line":54,"column":34}},{"start":{"line":54,"column":38},"end":{"line":54,"column":73}}]},"8":{"loc":{"start":{"line":62,"column":16},"end":{"line":62,"column":71}},"type":"cond-expr","locations":[{"start":{"line":62,"column":41},"end":{"line":62,"column":54}},{"start":{"line":62,"column":57},"end":{"line":62,"column":71}}]},"9":{"loc":{"start":{"line":71,"column":4},"end":{"line":71,"column":106}},"type":"if","locations":[{"start":{"line":71,"column":4},"end":{"line":71,"column":106}},{"start":{},"end":{}}]},"10":{"loc":{"start":{"line":73,"column":4},"end":{"line":76,"column":5}},"type":"if","locations":[{"start":{"line":73,"column":4},"end":{"line":76,"column":5}},{"start":{},"end":{}}]},"11":{"loc":{"start":{"line":73,"column":8},"end":{"line":73,"column":73}},"type":"binary-expr","locations":[{"start":{"line":73,"column":8},"end":{"line":73,"column":34}},{"start":{"line":73,"column":38},"end":{"line":73,"column":73}}]}},"s":{"0":1,"1":1,"2":1,"3":1,"4":1,"5":3,"6":3,"7":3,"8":2,"9":1,"10":1,"11":5,"12":5,"13":4,"14":1,"15":1,"16":3,"17":1,"18":1,"19":2,"20":1,"21":1,"22":3,"23":3,"24":1,"25":2,"26":2,"27":1,"28":5,"29":5,"30":3,"31":1,"32":1,"33":2,"34":1,"35":1,"36":1,"37":1,"38":2,"39":2,"40":1,"41":4,"42":4,"43":3,"44":1,"45":1,"46":2,"47":1,"48":1,"49":1,"50":1,"51":1,"52":1},"f":{"0":3,"1":5,"2":3,"3":5,"4":4},"b":{"0":[1,2],"1":[1,3],"2":[1,2],"3":[3,2],"4":[1,1],"5":[1,2],"6":[1,1],"7":[2,2],"8":[1,1],"9":[1,2],"10":[1,1],"11":[2,2]}}
}
