TN:
SF:src/routes/preorder.ts
FN:9,(anonymous_1)
FN:19,(anonymous_2)
FN:31,(anonymous_3)
FN:51,(anonymous_4)
FN:67,(anonymous_5)
FN:82,(anonymous_6)
FN:89,(anonymous_7)
FN:103,(anonymous_8)
FN:115,(anonymous_9)
FN:128,(anonymous_10)
FN:162,(anonymous_11)
FN:174,(anonymous_12)
FNF:12
FNH:12
FNDA:2,(anonymous_1)
FNDA:3,(anonymous_2)
FNDA:7,(anonymous_3)
FNDA:2,(anonymous_4)
FNDA:3,(anonymous_5)
FNDA:4,(anonymous_6)
FNDA:3,(anonymous_7)
FNDA:7,(anonymous_8)
FNDA:2,(anonymous_9)
FNDA:5,(anonymous_10)
FNDA:6,(anonymous_11)
FNDA:1,(anonymous_12)
DA:1,1
DA:2,1
DA:3,1
DA:4,1
DA:6,1
DA:9,1
DA:10,2
DA:11,2
DA:12,1
DA:14,1
DA:19,1
DA:20,3
DA:21,3
DA:22,3
DA:23,2
DA:24,1
DA:26,1
DA:31,1
DA:32,7
DA:33,7
DA:34,7
DA:39,5
DA:40,1
DA:41,1
DA:44,4
DA:45,4
DA:47,4
DA:48,1
DA:51,4
DA:52,4
DA:53,2
DA:55,2
DA:58,4
DA:59,4
DA:61,2
DA:62,2
DA:67,1
DA:68,3
DA:69,3
DA:70,3
DA:71,2
DA:72,1
DA:73,1
DA:75,1
DA:77,1
DA:82,1
DA:83,4
DA:84,4
DA:85,4
DA:86,3
DA:88,2
DA:89,3
DA:90,2
DA:91,1
DA:92,1
DA:95,1
DA:96,1
DA:98,1
DA:103,1
DA:104,7
DA:105,7
DA:106,7
DA:107,2
DA:108,2
DA:111,5
DA:112,5
DA:113,3
DA:115,2
DA:116,2
DA:118,1
DA:119,1
DA:120,1
DA:122,2
DA:123,2
DA:128,1
DA:129,5
DA:130,5
DA:131,5
DA:136,3
DA:137,1
DA:138,1
DA:141,2
DA:142,2
DA:143,1
DA:144,1
DA:147,1
DA:153,1
DA:154,1
DA:156,2
DA:157,2
DA:162,1
DA:163,6
DA:164,6
DA:165,6
DA:166,1
DA:167,1
DA:170,5
DA:171,5
DA:172,3
DA:174,2
DA:175,2
DA:177,1
DA:178,1
DA:179,1
DA:181,2
DA:182,2
DA:186,1
LF:107
LH:107
BRDA:22,0,0,1
BRDA:22,0,1,2
BRDA:39,1,0,1
BRDA:39,1,1,4
BRDA:47,2,0,1
BRDA:47,2,1,3
BRDA:52,3,0,2
BRDA:52,3,1,2
BRDA:53,4,0,2
BRDA:53,4,1,1
BRDA:55,5,0,2
BRDA:55,5,1,1
BRDA:61,6,0,1
BRDA:61,6,1,1
BRDA:71,7,0,1
BRDA:71,7,1,1
BRDA:86,8,0,1
BRDA:86,8,1,2
BRDA:90,9,0,1
BRDA:90,9,1,1
BRDA:106,10,0,2
BRDA:106,10,1,5
BRDA:106,11,0,7
BRDA:106,11,1,6
BRDA:113,12,0,1
BRDA:113,12,1,2
BRDA:116,13,0,1
BRDA:116,13,1,1
BRDA:122,14,0,1
BRDA:122,14,1,1
BRDA:136,15,0,1
BRDA:136,15,1,2
BRDA:142,16,0,1
BRDA:142,16,1,1
BRDA:156,17,0,1
BRDA:156,17,1,1
BRDA:165,18,0,1
BRDA:165,18,1,5
BRDA:165,19,0,6
BRDA:165,19,1,6
BRDA:172,20,0,1
BRDA:172,20,1,2
BRDA:175,21,0,1
BRDA:175,21,1,1
BRDA:181,22,0,1
BRDA:181,22,1,1
BRF:46
BRH:46
end_of_record
TN:
SF:src/routes/reservation.ts
FN:8,(anonymous_1)
FN:21,(anonymous_2)
FN:38,(anonymous_3)
FN:49,(anonymous_4)
FN:68,(anonymous_5)
FNF:5
FNH:5
FNDA:3,(anonymous_1)
FNDA:5,(anonymous_2)
FNDA:3,(anonymous_3)
FNDA:5,(anonymous_4)
FNDA:4,(anonymous_5)
DA:1,1
DA:2,1
DA:3,1
DA:5,1
DA:8,1
DA:9,3
DA:11,3
DA:13,3
DA:14,2
DA:16,1
DA:21,1
DA:22,5
DA:23,5
DA:24,4
DA:26,3
DA:27,1
DA:28,1
DA:31,2
DA:33,1
DA:38,1
DA:39,3
DA:40,3
DA:41,1
DA:43,2
DA:44,2
DA:49,1
DA:50,5
DA:51,5
DA:52,3
DA:54,2
DA:55,1
DA:56,1
DA:59,1
DA:60,1
DA:62,2
DA:63,2
DA:68,1
DA:69,4
DA:70,4
DA:71,3
DA:73,2
DA:74,1
DA:75,1
DA:78,1
DA:79,1
DA:81,1
DA:85,1
LF:47
LH:47
BRDA:11,0,0,1
BRDA:11,0,1,2
BRDA:24,1,0,1
BRDA:24,1,1,3
BRDA:26,2,0,1
BRDA:26,2,1,2
BRDA:26,3,0,3
BRDA:26,3,1,2
BRDA:43,4,0,1
BRDA:43,4,1,1
BRDA:52,5,0,1
BRDA:52,5,1,2
BRDA:54,6,0,1
BRDA:54,6,1,1
BRDA:54,7,0,2
BRDA:54,7,1,2
BRDA:62,8,0,1
BRDA:62,8,1,1
BRDA:71,9,0,1
BRDA:71,9,1,2
BRDA:73,10,0,1
BRDA:73,10,1,1
BRDA:73,11,0,2
BRDA:73,11,1,2
BRF:24
BRH:24
end_of_record
