TN:
SF:src\routes\preorder.ts
FN:9,(anonymous_1)
FN:19,(anonymous_2)
FN:38,(anonymous_3)
FN:54,(anonymous_4)
FN:68,(anonymous_5)
FN:74,(anonymous_6)
FN:88,(anonymous_7)
FN:99,(anonymous_8)
FN:112,(anonymous_9)
FN:145,(anonymous_10)
FN:156,(anonymous_11)
FNF:11
FNH:11
FNDA:2,(anonymous_1)
FNDA:7,(anonymous_2)
FNDA:2,(anonymous_3)
FNDA:3,(anonymous_4)
FNDA:4,(anonymous_5)
FNDA:3,(anonymous_6)
FNDA:7,(anonymous_7)
FNDA:2,(anonymous_8)
FNDA:5,(anonymous_9)
FNDA:6,(anonymous_10)
FNDA:1,(anonymous_11)
DA:1,1
DA:2,1
DA:3,1
DA:4,1
DA:6,1
DA:9,1
DA:10,2
DA:11,2
DA:12,1
DA:14,1
DA:19,1
DA:20,7
DA:21,7
DA:26,5
DA:27,1
DA:28,1
DA:31,4
DA:32,4
DA:34,4
DA:35,1
DA:38,4
DA:39,4
DA:40,2
DA:42,2
DA:45,4
DA:46,4
DA:48,2
DA:49,2
DA:54,1
DA:55,3
DA:56,3
DA:57,2
DA:58,1
DA:59,1
DA:61,1
DA:63,1
DA:68,1
DA:69,4
DA:70,4
DA:71,3
DA:73,2
DA:74,3
DA:75,2
DA:76,1
DA:77,1
DA:80,1
DA:81,1
DA:83,1
DA:88,1
DA:89,7
DA:90,7
DA:91,7
DA:92,2
DA:93,2
DA:96,5
DA:97,3
DA:99,2
DA:100,2
DA:102,1
DA:103,1
DA:104,1
DA:106,2
DA:107,2
DA:112,1
DA:113,5
DA:114,5
DA:119,3
DA:120,1
DA:121,1
DA:124,2
DA:125,2
DA:126,1
DA:127,1
DA:130,1
DA:136,1
DA:137,1
DA:139,2
DA:140,2
DA:145,1
DA:146,6
DA:147,6
DA:148,6
DA:149,1
DA:150,1
DA:153,5
DA:154,3
DA:156,2
DA:157,2
DA:159,1
DA:160,1
DA:161,1
DA:163,2
DA:164,2
DA:168,1
LF:94
LH:94
BRDA:26,0,0,1
BRDA:26,0,1,4
BRDA:34,1,0,1
BRDA:34,1,1,3
BRDA:39,2,0,2
BRDA:39,2,1,2
BRDA:40,3,0,2
BRDA:40,3,1,1
BRDA:42,4,0,2
BRDA:42,4,1,1
BRDA:48,5,0,1
BRDA:48,5,1,1
BRDA:57,6,0,1
BRDA:57,6,1,1
BRDA:71,7,0,1
BRDA:71,7,1,2
BRDA:75,8,0,1
BRDA:75,8,1,1
BRDA:91,9,0,2
BRDA:91,9,1,5
BRDA:91,10,0,7
BRDA:91,10,1,6
BRDA:97,11,0,1
BRDA:97,11,1,2
BRDA:100,12,0,1
BRDA:100,12,1,1
BRDA:106,13,0,1
BRDA:106,13,1,1
BRDA:119,14,0,1
BRDA:119,14,1,2
BRDA:125,15,0,1
BRDA:125,15,1,1
BRDA:139,16,0,1
BRDA:139,16,1,1
BRDA:148,17,0,1
BRDA:148,17,1,5
BRDA:148,18,0,6
BRDA:148,18,1,6
BRDA:154,19,0,1
BRDA:154,19,1,2
BRDA:157,20,0,1
BRDA:157,20,1,1
BRDA:163,21,0,1
BRDA:163,21,1,1
BRF:44
BRH:44
end_of_record
TN:
SF:src\routes\reservation.ts
FN:8,(anonymous_1)
FN:21,(anonymous_2)
FN:38,(anonymous_3)
FN:49,(anonymous_4)
FN:68,(anonymous_5)
FNF:5
FNH:5
FNDA:3,(anonymous_1)
FNDA:5,(anonymous_2)
FNDA:3,(anonymous_3)
FNDA:5,(anonymous_4)
FNDA:4,(anonymous_5)
DA:1,1
DA:2,1
DA:3,1
DA:5,1
DA:8,1
DA:9,3
DA:11,3
DA:13,3
DA:14,2
DA:16,1
DA:21,1
DA:22,5
DA:23,5
DA:24,4
DA:26,3
DA:27,1
DA:28,1
DA:31,2
DA:33,1
DA:38,1
DA:39,3
DA:40,3
DA:41,1
DA:43,2
DA:44,2
DA:49,1
DA:50,5
DA:51,5
DA:52,3
DA:54,2
DA:55,1
DA:56,1
DA:59,1
DA:60,1
DA:62,2
DA:63,2
DA:68,1
DA:69,4
DA:70,4
DA:71,3
DA:73,2
DA:74,1
DA:75,1
DA:78,1
DA:79,1
DA:81,1
DA:85,1
LF:47
LH:47
BRDA:11,0,0,1
BRDA:11,0,1,2
BRDA:24,1,0,1
BRDA:24,1,1,3
BRDA:26,2,0,1
BRDA:26,2,1,2
BRDA:26,3,0,3
BRDA:26,3,1,2
BRDA:43,4,0,1
BRDA:43,4,1,1
BRDA:52,5,0,1
BRDA:52,5,1,2
BRDA:54,6,0,1
BRDA:54,6,1,1
BRDA:54,7,0,2
BRDA:54,7,1,2
BRDA:62,8,0,1
BRDA:62,8,1,1
BRDA:71,9,0,1
BRDA:71,9,1,2
BRDA:73,10,0,1
BRDA:73,10,1,1
BRDA:73,11,0,2
BRDA:73,11,1,2
BRF:24
BRH:24
end_of_record
